[2020-05-20T17:13:24,075][INFO ][o.e.e.NodeEnvironment    ] [DESKTOP-SUCNGTI] using [1] data paths, mounts [[(D:)]], net usable_space [458.2gb], net total_space [731.5gb], types [NTFS]
[2020-05-20T17:13:24,126][INFO ][o.e.e.NodeEnvironment    ] [DESKTOP-SUCNGTI] heap size [1gb], compressed ordinary object pointers [true]
[2020-05-20T17:13:24,821][INFO ][o.e.n.Node               ] [DESKTOP-SUCNGTI] node name [DESKTOP-SUCNGTI], node ID [tBgUOXIwSOSSGGK8Wbol4A], cluster name [elasticsearch]
[2020-05-20T17:13:24,864][INFO ][o.e.n.Node               ] [DESKTOP-SUCNGTI] version[7.7.0], pid[1084], build[default/zip/81a1e9eda8e6183f5237786246f6dced26a10eaf/2020-05-12T02:01:37.602180Z], OS[Windows 10/10.0/amd64], JVM[AdoptOpenJDK/OpenJDK 64-Bit Server VM/14/14+36]
[2020-05-20T17:13:24,865][INFO ][o.e.n.Node               ] [DESKTOP-SUCNGTI] JVM home [D:\elasticsearch-7.7.0-windows-x86_64\elasticsearch-7.7.0\jdk]
[2020-05-20T17:13:24,865][INFO ][o.e.n.Node               ] [DESKTOP-SUCNGTI] JVM arguments [-Des.networkaddress.cache.ttl=60, -Des.networkaddress.cache.negative.ttl=10, -XX:+AlwaysPreTouch, -Xss1m, -Djava.awt.headless=true, -Dfile.encoding=UTF-8, -Djna.nosys=true, -XX:-OmitStackTraceInFastThrow, -XX:+ShowCodeDetailsInExceptionMessages, -Dio.netty.noUnsafe=true, -Dio.netty.noKeySetOptimization=true, -Dio.netty.recycler.maxCapacityPerThread=0, -Dio.netty.allocator.numDirectArenas=0, -Dlog4j.shutdownHookEnabled=false, -Dlog4j2.disable.jmx=true, -Djava.locale.providers=SPI,COMPAT, -Xms1g, -Xmx1g, -XX:+UseG1GC, -XX:G1ReservePercent=25, -XX:InitiatingHeapOccupancyPercent=30, -Djava.io.tmpdir=C:\Users\user\AppData\Local\Temp\elasticsearch, -XX:+HeapDumpOnOutOfMemoryError, -XX:HeapDumpPath=data, -XX:ErrorFile=logs/hs_err_pid%p.log, -Xlog:gc*,gc+age=trace,safepoint:file=logs/gc.log:utctime,pid,tags:filecount=32,filesize=64m, -XX:MaxDirectMemorySize=536870912, -Delasticsearch, -Des.path.home=D:\elasticsearch-7.7.0-windows-x86_64\elasticsearch-7.7.0, -Des.path.conf=D:\elasticsearch-7.7.0-windows-x86_64\elasticsearch-7.7.0\config, -Des.distribution.flavor=default, -Des.distribution.type=zip, -Des.bundled_jdk=true]
[2020-05-20T17:13:32,644][INFO ][o.e.p.PluginsService     ] [DESKTOP-SUCNGTI] loaded module [aggs-matrix-stats]
[2020-05-20T17:13:32,684][INFO ][o.e.p.PluginsService     ] [DESKTOP-SUCNGTI] loaded module [analysis-common]
[2020-05-20T17:13:32,685][INFO ][o.e.p.PluginsService     ] [DESKTOP-SUCNGTI] loaded module [constant-keyword]
[2020-05-20T17:13:32,686][INFO ][o.e.p.PluginsService     ] [DESKTOP-SUCNGTI] loaded module [flattened]
[2020-05-20T17:13:32,687][INFO ][o.e.p.PluginsService     ] [DESKTOP-SUCNGTI] loaded module [frozen-indices]
[2020-05-20T17:13:32,688][INFO ][o.e.p.PluginsService     ] [DESKTOP-SUCNGTI] loaded module [ingest-common]
[2020-05-20T17:13:32,689][INFO ][o.e.p.PluginsService     ] [DESKTOP-SUCNGTI] loaded module [ingest-geoip]
[2020-05-20T17:13:32,689][INFO ][o.e.p.PluginsService     ] [DESKTOP-SUCNGTI] loaded module [ingest-user-agent]
[2020-05-20T17:13:32,690][INFO ][o.e.p.PluginsService     ] [DESKTOP-SUCNGTI] loaded module [lang-expression]
[2020-05-20T17:13:32,691][INFO ][o.e.p.PluginsService     ] [DESKTOP-SUCNGTI] loaded module [lang-mustache]
[2020-05-20T17:13:32,692][INFO ][o.e.p.PluginsService     ] [DESKTOP-SUCNGTI] loaded module [lang-painless]
[2020-05-20T17:13:32,693][INFO ][o.e.p.PluginsService     ] [DESKTOP-SUCNGTI] loaded module [mapper-extras]
[2020-05-20T17:13:32,695][INFO ][o.e.p.PluginsService     ] [DESKTOP-SUCNGTI] loaded module [parent-join]
[2020-05-20T17:13:32,698][INFO ][o.e.p.PluginsService     ] [DESKTOP-SUCNGTI] loaded module [percolator]
[2020-05-20T17:13:32,700][INFO ][o.e.p.PluginsService     ] [DESKTOP-SUCNGTI] loaded module [rank-eval]
[2020-05-20T17:13:32,707][INFO ][o.e.p.PluginsService     ] [DESKTOP-SUCNGTI] loaded module [reindex]
[2020-05-20T17:13:32,711][INFO ][o.e.p.PluginsService     ] [DESKTOP-SUCNGTI] loaded module [repository-url]
[2020-05-20T17:13:32,712][INFO ][o.e.p.PluginsService     ] [DESKTOP-SUCNGTI] loaded module [search-business-rules]
[2020-05-20T17:13:32,718][INFO ][o.e.p.PluginsService     ] [DESKTOP-SUCNGTI] loaded module [spatial]
[2020-05-20T17:13:32,719][INFO ][o.e.p.PluginsService     ] [DESKTOP-SUCNGTI] loaded module [tasks]
[2020-05-20T17:13:32,719][INFO ][o.e.p.PluginsService     ] [DESKTOP-SUCNGTI] loaded module [transform]
[2020-05-20T17:13:32,720][INFO ][o.e.p.PluginsService     ] [DESKTOP-SUCNGTI] loaded module [transport-netty4]
[2020-05-20T17:13:32,721][INFO ][o.e.p.PluginsService     ] [DESKTOP-SUCNGTI] loaded module [vectors]
[2020-05-20T17:13:32,722][INFO ][o.e.p.PluginsService     ] [DESKTOP-SUCNGTI] loaded module [x-pack-analytics]
[2020-05-20T17:13:32,723][INFO ][o.e.p.PluginsService     ] [DESKTOP-SUCNGTI] loaded module [x-pack-async-search]
[2020-05-20T17:13:32,724][INFO ][o.e.p.PluginsService     ] [DESKTOP-SUCNGTI] loaded module [x-pack-autoscaling]
[2020-05-20T17:13:32,726][INFO ][o.e.p.PluginsService     ] [DESKTOP-SUCNGTI] loaded module [x-pack-ccr]
[2020-05-20T17:13:32,728][INFO ][o.e.p.PluginsService     ] [DESKTOP-SUCNGTI] loaded module [x-pack-core]
[2020-05-20T17:13:32,729][INFO ][o.e.p.PluginsService     ] [DESKTOP-SUCNGTI] loaded module [x-pack-deprecation]
[2020-05-20T17:13:32,733][INFO ][o.e.p.PluginsService     ] [DESKTOP-SUCNGTI] loaded module [x-pack-enrich]
[2020-05-20T17:13:32,734][INFO ][o.e.p.PluginsService     ] [DESKTOP-SUCNGTI] loaded module [x-pack-eql]
[2020-05-20T17:13:32,735][INFO ][o.e.p.PluginsService     ] [DESKTOP-SUCNGTI] loaded module [x-pack-graph]
[2020-05-20T17:13:32,736][INFO ][o.e.p.PluginsService     ] [DESKTOP-SUCNGTI] loaded module [x-pack-identity-provider]
[2020-05-20T17:13:32,737][INFO ][o.e.p.PluginsService     ] [DESKTOP-SUCNGTI] loaded module [x-pack-ilm]
[2020-05-20T17:13:32,739][INFO ][o.e.p.PluginsService     ] [DESKTOP-SUCNGTI] loaded module [x-pack-logstash]
[2020-05-20T17:13:32,742][INFO ][o.e.p.PluginsService     ] [DESKTOP-SUCNGTI] loaded module [x-pack-ml]
[2020-05-20T17:13:32,744][INFO ][o.e.p.PluginsService     ] [DESKTOP-SUCNGTI] loaded module [x-pack-monitoring]
[2020-05-20T17:13:32,750][INFO ][o.e.p.PluginsService     ] [DESKTOP-SUCNGTI] loaded module [x-pack-ql]
[2020-05-20T17:13:32,752][INFO ][o.e.p.PluginsService     ] [DESKTOP-SUCNGTI] loaded module [x-pack-rollup]
[2020-05-20T17:13:32,754][INFO ][o.e.p.PluginsService     ] [DESKTOP-SUCNGTI] loaded module [x-pack-security]
[2020-05-20T17:13:32,755][INFO ][o.e.p.PluginsService     ] [DESKTOP-SUCNGTI] loaded module [x-pack-sql]
[2020-05-20T17:13:32,756][INFO ][o.e.p.PluginsService     ] [DESKTOP-SUCNGTI] loaded module [x-pack-voting-only-node]
[2020-05-20T17:13:32,757][INFO ][o.e.p.PluginsService     ] [DESKTOP-SUCNGTI] loaded module [x-pack-watcher]
[2020-05-20T17:13:32,758][INFO ][o.e.p.PluginsService     ] [DESKTOP-SUCNGTI] no plugins loaded
[2020-05-20T17:13:50,517][INFO ][o.e.x.s.a.s.FileRolesStore] [DESKTOP-SUCNGTI] parsed [0] roles from file [D:\elasticsearch-7.7.0-windows-x86_64\elasticsearch-7.7.0\config\roles.yml]
[2020-05-20T17:13:51,497][INFO ][o.e.x.m.p.l.CppLogMessageHandler] [DESKTOP-SUCNGTI] [controller/10520] [Main.cc@110] controller (64 bit): Version 7.7.0 (Build a8939d3da43f33) Copyright (c) 2020 Elasticsearch BV
[2020-05-20T17:13:52,641][INFO ][o.e.d.DiscoveryModule    ] [DESKTOP-SUCNGTI] using discovery type [zen] and seed hosts providers [settings]
[2020-05-20T17:13:53,858][INFO ][o.e.n.Node               ] [DESKTOP-SUCNGTI] initialized
[2020-05-20T17:13:53,859][INFO ][o.e.n.Node               ] [DESKTOP-SUCNGTI] starting ...
[2020-05-20T17:13:54,203][INFO ][o.e.t.TransportService   ] [DESKTOP-SUCNGTI] publish_address {127.0.0.1:9300}, bound_addresses {127.0.0.1:9300}, {[::1]:9300}
[2020-05-20T17:13:55,170][WARN ][o.e.b.BootstrapChecks    ] [DESKTOP-SUCNGTI] the default discovery settings are unsuitable for production use; at least one of [discovery.seed_hosts, discovery.seed_providers, cluster.initial_master_nodes] must be configured
[2020-05-20T17:13:55,171][INFO ][o.e.c.c.Coordinator      ] [DESKTOP-SUCNGTI] cluster UUID [2seTu-qrSKaGHpSSpDQsig]
[2020-05-20T17:13:55,272][INFO ][o.e.c.c.ClusterBootstrapService] [DESKTOP-SUCNGTI] no discovery configuration found, will perform best-effort cluster bootstrapping after [3s] unless existing master is discovered
[2020-05-20T17:13:55,554][INFO ][o.e.c.s.MasterService    ] [DESKTOP-SUCNGTI] elected-as-master ([1] nodes joined)[{DESKTOP-SUCNGTI}{tBgUOXIwSOSSGGK8Wbol4A}{lsgryjgLRLyFnGxvGJGQKA}{127.0.0.1}{127.0.0.1:9300}{dilmrt}{ml.machine_memory=4188909568, xpack.installed=true, transform.node=true, ml.max_open_jobs=20} elect leader, _BECOME_MASTER_TASK_, _FINISH_ELECTION_], term: 7, version: 78, delta: master node changed {previous [], current [{DESKTOP-SUCNGTI}{tBgUOXIwSOSSGGK8Wbol4A}{lsgryjgLRLyFnGxvGJGQKA}{127.0.0.1}{127.0.0.1:9300}{dilmrt}{ml.machine_memory=4188909568, xpack.installed=true, transform.node=true, ml.max_open_jobs=20}]}
[2020-05-20T17:13:55,852][INFO ][o.e.c.s.ClusterApplierService] [DESKTOP-SUCNGTI] master node changed {previous [], current [{DESKTOP-SUCNGTI}{tBgUOXIwSOSSGGK8Wbol4A}{lsgryjgLRLyFnGxvGJGQKA}{127.0.0.1}{127.0.0.1:9300}{dilmrt}{ml.machine_memory=4188909568, xpack.installed=true, transform.node=true, ml.max_open_jobs=20}]}, term: 7, version: 78, reason: Publication{term=7, version=78}
[2020-05-20T17:13:55,986][INFO ][o.e.h.AbstractHttpServerTransport] [DESKTOP-SUCNGTI] publish_address {127.0.0.1:9200}, bound_addresses {127.0.0.1:9200}, {[::1]:9200}
[2020-05-20T17:13:55,987][INFO ][o.e.n.Node               ] [DESKTOP-SUCNGTI] started
[2020-05-20T17:13:56,406][INFO ][o.e.l.LicenseService     ] [DESKTOP-SUCNGTI] license [cc755780-42e3-416e-b4f3-b23fa0bfb9d8] mode [basic] - valid
[2020-05-20T17:13:56,409][INFO ][o.e.x.s.s.SecurityStatusChangeListener] [DESKTOP-SUCNGTI] Active license is now [BASIC]; Security is disabled
[2020-05-20T17:13:56,439][INFO ][o.e.g.GatewayService     ] [DESKTOP-SUCNGTI] recovered [5] indices into cluster_state
[2020-05-20T17:13:59,677][INFO ][o.e.c.r.a.AllocationService] [DESKTOP-SUCNGTI] Cluster health status changed from [RED] to [GREEN] (reason: [shards started [[.kibana_task_manager_1][0]]]).
[2020-05-20T17:19:18,131][INFO ][o.e.c.m.MetaDataIndexTemplateService] [DESKTOP-SUCNGTI] adding template [.management-beats] for index patterns [.management-beats]
[2020-05-20T17:20:05,700][WARN ][o.e.m.j.JvmGcMonitorService] [DESKTOP-SUCNGTI] [gc][young][355][10] duration [7.6s], collections [1]/[9.6s], total [7.6s]/[8s], memory [642.6mb]->[87.1mb]/[1gb], all_pools {[young] [572mb]->[8mb]/[0b]}{[old] [54.1mb]->[51.1mb]/[1gb]}{[survivor] [16.5mb]->[28mb]/[0b]}
[2020-05-20T17:20:05,706][WARN ][o.e.m.j.JvmGcMonitorService] [DESKTOP-SUCNGTI] [gc][355] overhead, spent [7.6s] collecting in the last [9.6s]
[2020-05-20T17:21:58,617][WARN ][o.e.m.j.JvmGcMonitorService] [DESKTOP-SUCNGTI] [gc][465] overhead, spent [535ms] collecting in the last [1s]
[2020-05-20T17:29:08,086][INFO ][o.e.c.m.MetaDataIndexTemplateService] [DESKTOP-SUCNGTI] adding template [logstash] for index patterns [logstash-*]
[2020-05-20T17:29:22,299][INFO ][o.e.c.m.MetaDataCreateIndexService] [DESKTOP-SUCNGTI] [data] creating index, cause [auto(bulk api)], templates [], shards [1]/[1], mappings []
[2020-05-20T17:29:39,119][INFO ][o.e.c.m.MetaDataMappingService] [DESKTOP-SUCNGTI] [data/uJHlfhzzQM2SuJYKnZKfng] create_mapping [_doc]
[2020-05-20T17:29:53,354][INFO ][o.e.m.j.JvmGcMonitorService] [DESKTOP-SUCNGTI] [gc][927] overhead, spent [325ms] collecting in the last [1s]
[2020-05-20T17:49:22,329][INFO ][o.e.m.j.JvmGcMonitorService] [DESKTOP-SUCNGTI] [gc][2085] overhead, spent [658ms] collecting in the last [1.9s]
[2020-05-20T17:58:40,202][INFO ][o.e.m.j.JvmGcMonitorService] [DESKTOP-SUCNGTI] [gc][young][2635][33] duration [832ms], collections [1]/[2.4s], total [832ms]/[11.6s], memory [698.1mb]->[90.9mb]/[1gb], all_pools {[young] [608mb]->[1mb]/[0b]}{[old] [88.8mb]->[88.8mb]/[1gb]}{[survivor] [1.2mb]->[1mb]/[0b]}
[2020-05-20T17:58:40,439][INFO ][o.e.m.j.JvmGcMonitorService] [DESKTOP-SUCNGTI] [gc][2635] overhead, spent [832ms] collecting in the last [2.4s]
[2020-05-20T18:16:24,023][WARN ][o.e.m.j.JvmGcMonitorService] [DESKTOP-SUCNGTI] [gc][young][3666][38] duration [2.7s], collections [1]/[4.2s], total [2.7s]/[14.7s], memory [709.6mb]->[91.6mb]/[1gb], all_pools {[young] [612mb]->[1mb]/[0b]}{[old] [96.8mb]->[89.8mb]/[1gb]}{[survivor] [841kb]->[1.8mb]/[0b]}
[2020-05-20T18:16:26,330][WARN ][o.e.m.j.JvmGcMonitorService] [DESKTOP-SUCNGTI] [gc][3666] overhead, spent [2.7s] collecting in the last [4.2s]
[2020-05-20T18:17:00,841][WARN ][o.e.m.j.JvmGcMonitorService] [DESKTOP-SUCNGTI] [gc][3699] overhead, spent [655ms] collecting in the last [1.3s]
[2020-05-20T18:17:25,566][INFO ][o.e.c.m.MetaDataIndexTemplateService] [DESKTOP-SUCNGTI] adding template [.management-beats] for index patterns [.management-beats]
[2020-05-20T18:17:25,943][WARN ][o.e.c.s.MasterService    ] [DESKTOP-SUCNGTI] took [22.1s], which is over [10s], to compute cluster state update for [create-index-template [.management-beats], cause [api]]
[2020-05-20T18:17:32,504][INFO ][o.e.m.j.JvmGcMonitorService] [DESKTOP-SUCNGTI] [gc][3729] overhead, spent [671ms] collecting in the last [1.4s]
[2020-05-20T18:28:07,071][WARN ][o.e.m.j.JvmGcMonitorService] [DESKTOP-SUCNGTI] [gc][young][4324][48] duration [7.6s], collections [1]/[10.2s], total [7.6s]/[24.6s], memory [726.6mb]->[100.1mb]/[1gb], all_pools {[young] [608mb]->[2mb]/[0b]}{[old] [115.2mb]->[93.2mb]/[1gb]}{[survivor] [3.4mb]->[4.9mb]/[0b]}
[2020-05-20T18:28:10,068][WARN ][o.e.m.j.JvmGcMonitorService] [DESKTOP-SUCNGTI] [gc][4324] overhead, spent [7.6s] collecting in the last [10.2s]
[2020-05-20T18:28:26,536][INFO ][o.e.m.j.JvmGcMonitorService] [DESKTOP-SUCNGTI] [gc][young][4339][49] duration [883ms], collections [1]/[1s], total [883ms]/[25.4s], memory [142.1mb]->[101.6mb]/[1gb], all_pools {[young] [44mb]->[2mb]/[0b]}{[old] [93.2mb]->[96.2mb]/[1gb]}{[survivor] [4.9mb]->[3.4mb]/[0b]}
[2020-05-20T18:28:26,625][WARN ][o.e.m.j.JvmGcMonitorService] [DESKTOP-SUCNGTI] [gc][4339] overhead, spent [883ms] collecting in the last [1s]
[2020-05-20T18:28:36,282][INFO ][o.e.m.j.JvmGcMonitorService] [DESKTOP-SUCNGTI] [gc][4347] overhead, spent [323ms] collecting in the last [1s]
[2020-05-20T18:28:59,270][INFO ][o.e.m.j.JvmGcMonitorService] [DESKTOP-SUCNGTI] [gc][4369] overhead, spent [359ms] collecting in the last [1s]
[2020-05-20T18:32:32,398][INFO ][o.e.m.j.JvmGcMonitorService] [DESKTOP-SUCNGTI] [gc][4579] overhead, spent [462ms] collecting in the last [1s]
[2020-05-20T18:32:56,988][INFO ][o.e.m.j.JvmGcMonitorService] [DESKTOP-SUCNGTI] [gc][4603] overhead, spent [536ms] collecting in the last [1.5s]
